<?xml version="1.0" encoding="UTF-8"?>
<testng-results ignored="0" total="1" passed="1" failed="0" skipped="0">
  <reporter-output>
  </reporter-output>
  <suite started-at="2024-09-01T00:55:47 IST" name="Default suite" finished-at="2024-09-01T00:56:10 IST" duration-ms="23541">
    <groups>
    </groups>
    <test started-at="2024-09-01T00:55:47 IST" name="Default test" finished-at="2024-09-01T00:56:10 IST" duration-ms="23541">
      <class name="tc_Repositary.Assignment">
        <test-method is-config="true" signature="createConnection()[pri:0, instance:tc_Repositary.Assignment@53aac487]" started-at="2024-09-01T00:55:47 IST" name="createConnection" finished-at="2024-09-01T00:55:47 IST" duration-ms="13" status="PASS">
          <reporter-output>
          </reporter-output>
        </test-method> <!-- createConnection -->
        <test-method is-config="true" signature="launchBrowser()[pri:0, instance:tc_Repositary.Assignment@53aac487]" started-at="2024-09-01T00:55:47 IST" name="launchBrowser" finished-at="2024-09-01T00:55:49 IST" duration-ms="2563" status="PASS">
          <reporter-output>
          </reporter-output>
        </test-method> <!-- launchBrowser -->
        <test-method is-config="true" signature="login()[pri:0, instance:tc_Repositary.Assignment@53aac487]" started-at="2024-09-01T00:55:49 IST" name="login" finished-at="2024-09-01T00:55:50 IST" duration-ms="435" status="PASS">
          <reporter-output>
          </reporter-output>
        </test-method> <!-- login -->
        <test-method signature="ass()[pri:0, instance:tc_Repositary.Assignment@53aac487]" started-at="2024-09-01T00:55:50 IST" name="ass" finished-at="2024-09-01T00:56:06 IST" duration-ms="15863" status="PASS">
          <reporter-output>
          </reporter-output>
        </test-method> <!-- ass -->
        <test-method is-config="true" signature="logout()[pri:0, instance:tc_Repositary.Assignment@53aac487]" started-at="2024-09-01T00:56:06 IST" name="logout" finished-at="2024-09-01T00:56:10 IST" duration-ms="4390" status="PASS">
          <reporter-output>
          </reporter-output>
        </test-method> <!-- logout -->
        <test-method is-config="true" signature="closeBrowser()[pri:0, instance:tc_Repositary.Assignment@53aac487]" started-at="2024-09-01T00:56:10 IST" name="closeBrowser" finished-at="2024-09-01T00:56:10 IST" duration-ms="257" status="PASS">
          <reporter-output>
          </reporter-output>
        </test-method> <!-- closeBrowser -->
        <test-method is-config="true" signature="closeConnection()[pri:0, instance:tc_Repositary.Assignment@53aac487]" started-at="2024-09-01T00:56:10 IST" name="closeConnection" finished-at="2024-09-01T00:56:10 IST" duration-ms="1" status="PASS">
          <reporter-output>
          </reporter-output>
        </test-method> <!-- closeConnection -->
      </class> <!-- tc_Repositary.Assignment -->
    </test> <!-- Default test -->
  </suite> <!-- Default suite -->
</testng-results>
